# JRE version: OpenJDK Runtime Environment Temurin-21.0.8+9 (21.0.8+9) (build 21.0.8+9-LTS)
# Java VM: OpenJDK 64-Bit Server VM Temurin-21.0.8+9 (21.0.8+9-LTS, mixed mode, sharing, tiered, compressed oops, compressed class ptrs, parallel gc, windows-amd64)
GC Precious Log:
 CardTable entry size: 512
 CPUs: 16 total, 16 available
 Memory: 16052M
 Large Page Support: Disabled
 NUMA Support: Disabled
 Compressed Oops: Enabled (32-bit)
 Alignments: Space 512K, Generation 512K, Heap 2M
 Heap Min Capacity: 100M
 Heap Initial Capacity: 100M
 Heap Max Capacity: 2G
 Pre-touch: Disabled
 Parallel Workers: 13
Heap:
 PSYoungGen      total 10752K, used 1553K [0x00000000d5580000, 0x00000000d6380000, 0x0000000100000000)
  eden space 7168K, 16% used [0x00000000d5580000,0x00000000d56ac770,0x00000000d5c80000)
  from space 3584K, 9% used [0x00000000d5e80000,0x00000000d5ed8000,0x00000000d6200000)
  to   space 1536K, 0% used [0x00000000d6200000,0x00000000d6200000,0x00000000d6380000)
 ParOldGen       total 447488K, used 447104K [0x0000000080000000, 0x000000009b500000, 0x00000000d5580000)
  object space 447488K, 99% used [0x0000000080000000,0x000000009b4a0020,0x000000009b500000)
 Metaspace       used 77488K, committed 79104K, reserved 1179648K
  class space    used 9476K, committed 10176K, reserved 1048576K
GC Heap History (20 events):
Event: 99.201 GC heap before
{Heap before GC invocations=601 (full 3):
 PSYoungGen      total 7680K, used 7360K [0x00000000d5580000, 0x00000000d5e00000, 0x0000000100000000)
  eden space 7168K, 100% used [0x00000000d5580000,0x00000000d5c80000,0x00000000d5c80000)
  from space 512K, 37% used [0x00000000d5d00000,0x00000000d5d30000,0x00000000d5d80000)
  to   space 512K, 0% used [0x00000000d5d80000,0x00000000d5d80000,0x00000000d5e00000)
 ParOldGen       total 437760K, used 437482K [0x0000000080000000, 0x000000009ab80000, 0x00000000d5580000)
  object space 437760K, 99% used [0x0000000080000000,0x000000009ab3a8e8,0x000000009ab80000)
 Metaspace       used 75805K, committed 77376K, reserved 1179648K
  class space    used 9295K, committed 9920K, reserved 1048576K
}
Event: 99.204 GC heap after
{Heap after GC invocations=601 (full 3):
 PSYoungGen      total 7680K, used 480K [0x00000000d5580000, 0x00000000d5e80000, 0x0000000100000000)
  eden space 7168K, 0% used [0x00000000d5580000,0x00000000d5580000,0x00000000d5c80000)
  from space 512K, 93% used [0x00000000d5d80000,0x00000000d5df8000,0x00000000d5e00000)
  to   space 1024K, 0% used [0x00000000d5c80000,0x00000000d5c80000,0x00000000d5d80000)
 ParOldGen       total 437760K, used 437490K [0x0000000080000000, 0x000000009ab80000, 0x00000000d5580000)
  object space 437760K, 99% used [0x0000000080000000,0x000000009ab3c8e8,0x000000009ab80000)
 Metaspace       used 75805K, committed 77376K, reserved 1179648K
  class space    used 9295K, committed 9920K, reserved 1048576K
}
Event: 99.362 GC heap before
{Heap before GC invocations=602 (full 3):
 PSYoungGen      total 7680K, used 7648K [0x00000000d5580000, 0x00000000d5e80000, 0x0000000100000000)
  eden space 7168K, 100% used [0x00000000d5580000,0x00000000d5c80000,0x00000000d5c80000)
  from space 512K, 93% used [0x00000000d5d80000,0x00000000d5df8000,0x00000000d5e00000)
  to   space 1024K, 0% used [0x00000000d5c80000,0x00000000d5c80000,0x00000000d5d80000)
 ParOldGen       total 437760K, used 437490K [0x0000000080000000, 0x000000009ab80000, 0x00000000d5580000)
  object space 437760K, 99% used [0x0000000080000000,0x000000009ab3c8e8,0x000000009ab80000)
 Metaspace       used 76377K, committed 77952K, reserved 1179648K
  class space    used 9366K, committed 10048K, reserved 1048576K
}
Event: 99.366 GC heap after
{Heap after GC invocations=602 (full 3):
 PSYoungGen      total 8192K, used 1021K [0x00000000d5580000, 0x00000000d6180000, 0x0000000100000000)
  eden space 7168K, 0% used [0x00000000d5580000,0x00000000d5580000,0x00000000d5c80000)
  from space 1024K, 99% used [0x00000000d5c80000,0x00000000d5d7f770,0x00000000d5d80000)
  to   space 2560K, 0% used [0x00000000d5f00000,0x00000000d5f00000,0x00000000d6180000)
 ParOldGen       total 438784K, used 438500K [0x0000000080000000, 0x000000009ac80000, 0x00000000d5580000)
  object space 438784K, 99% used [0x0000000080000000,0x000000009ac391a8,0x000000009ac80000)
 Metaspace       used 76377K, committed 77952K, reserved 1179648K
  class space    used 9366K, committed 10048K, reserved 1048576K
}
Event: 127.398 GC heap before
{Heap before GC invocations=603 (full 3):
 PSYoungGen      total 8192K, used 8189K [0x00000000d5580000, 0x00000000d6180000, 0x0000000100000000)
  eden space 7168K, 100% used [0x00000000d5580000,0x00000000d5c80000,0x00000000d5c80000)
  from space 1024K, 99% used [0x00000000d5c80000,0x00000000d5d7f770,0x00000000d5d80000)
  to   space 2560K, 0% used [0x00000000d5f00000,0x00000000d5f00000,0x00000000d6180000)
 ParOldGen       total 438784K, used 438500K [0x0000000080000000, 0x000000009ac80000, 0x00000000d5580000)
  object space 438784K, 99% used [0x0000000080000000,0x000000009ac391a8,0x000000009ac80000)
 Metaspace       used 76871K, committed 78464K, reserved 1179648K
  class space    used 9435K, committed 10112K, reserved 1048576K
}
Event: 127.400 GC heap after
{Heap after GC invocations=603 (full 3):
 PSYoungGen      total 7680K, used 384K [0x00000000d5580000, 0x00000000d5f80000, 0x0000000100000000)
  eden space 7168K, 0% used [0x00000000d5580000,0x00000000d5580000,0x00000000d5c80000)
  from space 512K, 75% used [0x00000000d5f00000,0x00000000d5f60000,0x00000000d5f80000)
  to   space 1024K, 0% used [0x00000000d5d80000,0x00000000d5d80000,0x00000000d5e80000)
 ParOldGen       total 439296K, used 438818K [0x0000000080000000, 0x000000009ad00000, 0x00000000d5580000)
  object space 439296K, 99% used [0x0000000080000000,0x000000009ac88b78,0x000000009ad00000)
 Metaspace       used 76871K, committed 78464K, reserved 1179648K
  class space    used 9435K, committed 10112K, reserved 1048576K
}
Event: 1511.574 GC heap before
{Heap before GC invocations=604 (full 3):
 PSYoungGen      total 7680K, used 7552K [0x00000000d5580000, 0x00000000d5f80000, 0x0000000100000000)
  eden space 7168K, 100% used [0x00000000d5580000,0x00000000d5c80000,0x00000000d5c80000)
  from space 512K, 75% used [0x00000000d5f00000,0x00000000d5f60000,0x00000000d5f80000)
  to   space 1024K, 0% used [0x00000000d5d80000,0x00000000d5d80000,0x00000000d5e80000)
 ParOldGen       total 439296K, used 438818K [0x0000000080000000, 0x000000009ad00000, 0x00000000d5580000)
  object space 439296K, 99% used [0x0000000080000000,0x000000009ac88b78,0x000000009ad00000)
 Metaspace       used 77116K, committed 78720K, reserved 1179648K
  class space    used 9459K, committed 10176K, reserved 1048576K
}
Event: 1511.768 GC heap after
{Heap after GC invocations=604 (full 3):
 PSYoungGen      total 8192K, used 416K [0x00000000d5580000, 0x00000000d5f80000, 0x0000000100000000)
  eden space 7168K, 0% used [0x00000000d5580000,0x00000000d5580000,0x00000000d5c80000)
  from space 1024K, 40% used [0x00000000d5d80000,0x00000000d5de8000,0x00000000d5e80000)
  to   space 512K, 0% used [0x00000000d5f00000,0x00000000d5f00000,0x00000000d5f80000)
 ParOldGen       total 439296K, used 438995K [0x0000000080000000, 0x000000009ad00000, 0x00000000d5580000)
  object space 439296K, 99% used [0x0000000080000000,0x000000009acb4d28,0x000000009ad00000)
 Metaspace       used 77116K, committed 78720K, reserved 1179648K
  class space    used 9459K, committed 10176K, reserved 1048576K
}
Event: 2359.421 GC heap before
{Heap before GC invocations=605 (full 3):
 PSYoungGen      total 8192K, used 7584K [0x00000000d5580000, 0x00000000d5f80000, 0x0000000100000000)
  eden space 7168K, 100% used [0x00000000d5580000,0x00000000d5c80000,0x00000000d5c80000)
  from space 1024K, 40% used [0x00000000d5d80000,0x00000000d5de8000,0x00000000d5e80000)
  to   space 512K, 0% used [0x00000000d5f00000,0x00000000d5f00000,0x00000000d5f80000)
 ParOldGen       total 439296K, used 438995K [0x0000000080000000, 0x000000009ad00000, 0x00000000d5580000)
  object space 439296K, 99% used [0x0000000080000000,0x000000009acb4d28,0x000000009ad00000)
 Metaspace       used 77260K, committed 78912K, reserved 1179648K
  class space    used 9464K, committed 10176K, reserved 1048576K
}
Event: 2359.519 GC heap after
{Heap after GC invocations=605 (full 3):
 PSYoungGen      total 7680K, used 416K [0x00000000d5580000, 0x00000000d5f80000, 0x0000000100000000)
  eden space 7168K, 0% used [0x00000000d5580000,0x00000000d5580000,0x00000000d5c80000)
  from space 512K, 81% used [0x00000000d5f00000,0x00000000d5f68000,0x00000000d5f80000)
  to   space 512K, 0% used [0x00000000d5e80000,0x00000000d5e80000,0x00000000d5f00000)
 ParOldGen       total 439296K, used 439115K [0x0000000080000000, 0x000000009ad00000, 0x00000000d5580000)
  object space 439296K, 99% used [0x0000000080000000,0x000000009acd2d28,0x000000009ad00000)
 Metaspace       used 77260K, committed 78912K, reserved 1179648K
  class space    used 9464K, committed 10176K, reserved 1048576K
}
Event: 2919.028 GC heap before
{Heap before GC invocations=606 (full 3):
 PSYoungGen      total 7680K, used 7584K [0x00000000d5580000, 0x00000000d5f80000, 0x0000000100000000)
  eden space 7168K, 100% used [0x00000000d5580000,0x00000000d5c80000,0x00000000d5c80000)
  from space 512K, 81% used [0x00000000d5f00000,0x00000000d5f68000,0x00000000d5f80000)
  to   space 512K, 0% used [0x00000000d5e80000,0x00000000d5e80000,0x00000000d5f00000)
 ParOldGen       total 439296K, used 439115K [0x0000000080000000, 0x000000009ad00000, 0x00000000d5580000)
  object space 439296K, 99% used [0x0000000080000000,0x000000009acd2d28,0x000000009ad00000)
 Metaspace       used 77331K, committed 78976K, reserved 1179648K
  class space    used 9466K, committed 10176K, reserved 1048576K
}
Event: 2919.045 GC heap after
{Heap after GC invocations=606 (full 3):
 PSYoungGen      total 7680K, used 416K [0x00000000d5580000, 0x00000000d5f80000, 0x0000000100000000)
  eden space 7168K, 0% used [0x00000000d5580000,0x00000000d5580000,0x00000000d5c80000)
  from space 512K, 81% used [0x00000000d5e80000,0x00000000d5ee8000,0x00000000d5f00000)
  to   space 512K, 0% used [0x00000000d5f00000,0x00000000d5f00000,0x00000000d5f80000)
 ParOldGen       total 439296K, used 439203K [0x0000000080000000, 0x000000009ad00000, 0x00000000d5580000)
  object space 439296K, 99% used [0x0000000080000000,0x000000009ace8d28,0x000000009ad00000)
 Metaspace       used 77331K, committed 78976K, reserved 1179648K
  class space    used 9466K, committed 10176K, reserved 1048576K
}
Event: 3230.242 GC heap before
{Heap before GC invocations=607 (full 3):
 PSYoungGen      total 7680K, used 7584K [0x00000000d5580000, 0x00000000d5f80000, 0x0000000100000000)
  eden space 7168K, 100% used [0x00000000d5580000,0x00000000d5c80000,0x00000000d5c80000)
  from space 512K, 81% used [0x00000000d5e80000,0x00000000d5ee8000,0x00000000d5f00000)
  to   space 512K, 0% used [0x00000000d5f00000,0x00000000d5f00000,0x00000000d5f80000)
 ParOldGen       total 439296K, used 439203K [0x0000000080000000, 0x000000009ad00000, 0x00000000d5580000)
  object space 439296K, 99% used [0x0000000080000000,0x000000009ace8d28,0x000000009ad00000)
 Metaspace       used 77449K, committed 79040K, reserved 1179648K
  class space    used 9474K, committed 10176K, reserved 1048576K
}
Event: 3230.314 GC heap after
{Heap after GC invocations=607 (full 3):
 PSYoungGen      total 7680K, used 512K [0x00000000d5580000, 0x00000000d5f80000, 0x0000000100000000)
  eden space 7168K, 0% used [0x00000000d5580000,0x00000000d5580000,0x00000000d5c80000)
  from space 512K, 100% used [0x00000000d5f00000,0x00000000d5f80000,0x00000000d5f80000)
  to   space 1536K, 0% used [0x00000000d5c80000,0x00000000d5c80000,0x00000000d5e00000)
 ParOldGen       total 439808K, used 439697K [0x0000000080000000, 0x000000009ad80000, 0x00000000d5580000)
  object space 439808K, 99% used [0x0000000080000000,0x000000009ad64478,0x000000009ad80000)
 Metaspace       used 77449K, committed 79040K, reserved 1179648K
  class space    used 9474K, committed 10176K, reserved 1048576K
}
Event: 3230.330 GC heap before
{Heap before GC invocations=608 (full 3):
 PSYoungGen      total 7680K, used 7680K [0x00000000d5580000, 0x00000000d5f80000, 0x0000000100000000)
  eden space 7168K, 100% used [0x00000000d5580000,0x00000000d5c80000,0x00000000d5c80000)
  from space 512K, 100% used [0x00000000d5f00000,0x00000000d5f80000,0x00000000d5f80000)
  to   space 1536K, 0% used [0x00000000d5c80000,0x00000000d5c80000,0x00000000d5e00000)
 ParOldGen       total 439808K, used 439697K [0x0000000080000000, 0x000000009ad80000, 0x00000000d5580000)
  object space 439808K, 99% used [0x0000000080000000,0x000000009ad64478,0x000000009ad80000)
 Metaspace       used 77449K, committed 79040K, reserved 1179648K
  class space    used 9474K, committed 10176K, reserved 1048576K
}
Event: 3230.336 GC heap after
{Heap after GC invocations=608 (full 3):
 PSYoungGen      total 8704K, used 1534K [0x00000000d5580000, 0x00000000d6980000, 0x0000000100000000)
  eden space 7168K, 0% used [0x00000000d5580000,0x00000000d5580000,0x00000000d5c80000)
  from space 1536K, 99% used [0x00000000d5c80000,0x00000000d5dffba8,0x00000000d5e00000)
  to   space 6656K, 0% used [0x00000000d6300000,0x00000000d6300000,0x00000000d6980000)
 ParOldGen       total 443904K, used 443624K [0x0000000080000000, 0x000000009b180000, 0x00000000d5580000)
  object space 443904K, 99% used [0x0000000080000000,0x000000009b13a020,0x000000009b180000)
 Metaspace       used 77449K, committed 79040K, reserved 1179648K
  class space    used 9474K, committed 10176K, reserved 1048576K
}
Event: 3230.361 GC heap before
{Heap before GC invocations=609 (full 3):
 PSYoungGen      total 8704K, used 8702K [0x00000000d5580000, 0x00000000d6980000, 0x0000000100000000)
  eden space 7168K, 100% used [0x00000000d5580000,0x00000000d5c80000,0x00000000d5c80000)
  from space 1536K, 99% used [0x00000000d5c80000,0x00000000d5dffba8,0x00000000d5e00000)
  to   space 6656K, 0% used [0x00000000d6300000,0x00000000d6300000,0x00000000d6980000)
 ParOldGen       total 443904K, used 443624K [0x0000000080000000, 0x000000009b180000, 0x00000000d5580000)
  object space 443904K, 99% used [0x0000000080000000,0x000000009b13a020,0x000000009b180000)
 Metaspace       used 77461K, committed 79040K, reserved 1179648K
  class space    used 9475K, committed 10176K, reserved 1048576K
}
Event: 3230.364 GC heap after
{Heap after GC invocations=609 (full 3):
 PSYoungGen      total 9728K, used 2266K [0x00000000d5580000, 0x00000000d6580000, 0x0000000100000000)
  eden space 7168K, 0% used [0x00000000d5580000,0x00000000d5580000,0x00000000d5c80000)
  from space 2560K, 88% used [0x00000000d6300000,0x00000000d6536b48,0x00000000d6580000)
  to   space 3584K, 0% used [0x00000000d5e80000,0x00000000d5e80000,0x00000000d6200000)
 ParOldGen       total 445440K, used 445056K [0x0000000080000000, 0x000000009b300000, 0x00000000d5580000)
  object space 445440K, 99% used [0x0000000080000000,0x000000009b2a0020,0x000000009b300000)
 Metaspace       used 77461K, committed 79040K, reserved 1179648K
  class space    used 9475K, committed 10176K, reserved 1048576K
}
Event: 3300.704 GC heap before
{Heap before GC invocations=610 (full 3):
 PSYoungGen      total 9728K, used 9434K [0x00000000d5580000, 0x00000000d6580000, 0x0000000100000000)
  eden space 7168K, 100% used [0x00000000d5580000,0x00000000d5c80000,0x00000000d5c80000)
  from space 2560K, 88% used [0x00000000d6300000,0x00000000d6536b48,0x00000000d6580000)
  to   space 3584K, 0% used [0x00000000d5e80000,0x00000000d5e80000,0x00000000d6200000)
 ParOldGen       total 445440K, used 445056K [0x0000000080000000, 0x000000009b300000, 0x00000000d5580000)
  object space 445440K, 99% used [0x0000000080000000,0x000000009b2a0020,0x000000009b300000)
 Metaspace       used 77475K, committed 79104K, reserved 1179648K
  class space    used 9475K, committed 10176K, reserved 1048576K
}
Event: 3300.707 GC heap after
{Heap after GC invocations=610 (full 3):
 PSYoungGen      total 10752K, used 352K [0x00000000d5580000, 0x00000000d6380000, 0x0000000100000000)
  eden space 7168K, 0% used [0x00000000d5580000,0x00000000d5580000,0x00000000d5c80000)
  from space 3584K, 9% used [0x00000000d5e80000,0x00000000d5ed8000,0x00000000d6200000)
  to   space 1536K, 0% used [0x00000000d6200000,0x00000000d6200000,0x00000000d6380000)
 ParOldGen       total 447488K, used 447104K [0x0000000080000000, 0x000000009b500000, 0x00000000d5580000)
  object space 447488K, 99% used [0x0000000080000000,0x000000009b4a0020,0x000000009b500000)
 Metaspace       used 77475K, committed 79104K, reserved 1179648K
  class space    used 9475K, committed 10176K, reserved 1048576K
}

